-------------------------------------------------------------------------------
Test set: io.jenkins.plugins.sample.HelloWorldBuilderTest
-------------------------------------------------------------------------------
Tests run: 25, Failures: 5, Errors: 20, Skipped: 0, Time elapsed: 35.571 s <<< FAILURE! - in io.jenkins.plugins.sample.HelloWorldBuilderTest
testBuild(io.jenkins.plugins.sample.HelloWorldBuilderTest)  Time elapsed: 1.709 s  <<< ERROR!
java.lang.NoSuchMethodError: io.jenkins.plugins.sample.HelloWorldBuilder.<init>(Ljava/lang/String;)V
	at io.jenkins.plugins.sample.HelloWorldBuilderTest.testBuild(HelloWorldBuilderTest.java:44)
	at sun.reflect.NativeMethodAccessorImpl.invoke0(Native Method)
	at sun.reflect.NativeMethodAccessorImpl.invoke(NativeMethodAccessorImpl.java:62)
	at sun.reflect.DelegatingMethodAccessorImpl.invoke(DelegatingMethodAccessorImpl.java:43)
	at java.lang.reflect.Method.invoke(Method.java:497)
	at org.junit.runners.model.FrameworkMethod$1.runReflectiveCall(FrameworkMethod.java:50)
	at org.junit.internal.runners.model.ReflectiveCallable.run(ReflectiveCallable.java:12)
	at org.junit.runners.model.FrameworkMethod.invokeExplosively(FrameworkMethod.java:47)
	at org.junit.internal.runners.statements.InvokeMethod.evaluate(InvokeMethod.java:17)
	at org.jvnet.hudson.test.JenkinsRule$1.evaluate(JenkinsRule.java:548)
	at org.junit.internal.runners.statements.FailOnTimeout$CallableStatement.call(FailOnTimeout.java:298)
	at org.junit.internal.runners.statements.FailOnTimeout$CallableStatement.call(FailOnTimeout.java:292)
	at java.util.concurrent.FutureTask.run(FutureTask.java:266)
	at java.lang.Thread.run(Thread.java:745)

testConfigRoundtrip(io.jenkins.plugins.sample.HelloWorldBuilderTest)  Time elapsed: 1.828 s  <<< ERROR!
java.lang.NoSuchMethodError: io.jenkins.plugins.sample.HelloWorldBuilder.<init>(Ljava/lang/String;)V
	at io.jenkins.plugins.sample.HelloWorldBuilderTest.testConfigRoundtrip(HelloWorldBuilderTest.java:23)
	at sun.reflect.NativeMethodAccessorImpl.invoke0(Native Method)
	at sun.reflect.NativeMethodAccessorImpl.invoke(NativeMethodAccessorImpl.java:62)
	at sun.reflect.DelegatingMethodAccessorImpl.invoke(DelegatingMethodAccessorImpl.java:43)
	at java.lang.reflect.Method.invoke(Method.java:497)
	at org.junit.runners.model.FrameworkMethod$1.runReflectiveCall(FrameworkMethod.java:50)
	at org.junit.internal.runners.model.ReflectiveCallable.run(ReflectiveCallable.java:12)
	at org.junit.runners.model.FrameworkMethod.invokeExplosively(FrameworkMethod.java:47)
	at org.junit.internal.runners.statements.InvokeMethod.evaluate(InvokeMethod.java:17)
	at org.jvnet.hudson.test.JenkinsRule$1.evaluate(JenkinsRule.java:548)
	at org.junit.internal.runners.statements.FailOnTimeout$CallableStatement.call(FailOnTimeout.java:298)
	at org.junit.internal.runners.statements.FailOnTimeout$CallableStatement.call(FailOnTimeout.java:292)
	at java.util.concurrent.FutureTask.run(FutureTask.java:266)
	at java.lang.Thread.run(Thread.java:745)

testConfigRoundtripFrench(io.jenkins.plugins.sample.HelloWorldBuilderTest)  Time elapsed: 0.812 s  <<< ERROR!
java.lang.NoSuchMethodError: io.jenkins.plugins.sample.HelloWorldBuilder.<init>(Ljava/lang/String;)V
	at io.jenkins.plugins.sample.HelloWorldBuilderTest.testConfigRoundtripFrench(HelloWorldBuilderTest.java:31)
	at sun.reflect.NativeMethodAccessorImpl.invoke0(Native Method)
	at sun.reflect.NativeMethodAccessorImpl.invoke(NativeMethodAccessorImpl.java:62)
	at sun.reflect.DelegatingMethodAccessorImpl.invoke(DelegatingMethodAccessorImpl.java:43)
	at java.lang.reflect.Method.invoke(Method.java:497)
	at org.junit.runners.model.FrameworkMethod$1.runReflectiveCall(FrameworkMethod.java:50)
	at org.junit.internal.runners.model.ReflectiveCallable.run(ReflectiveCallable.java:12)
	at org.junit.runners.model.FrameworkMethod.invokeExplosively(FrameworkMethod.java:47)
	at org.junit.internal.runners.statements.InvokeMethod.evaluate(InvokeMethod.java:17)
	at org.jvnet.hudson.test.JenkinsRule$1.evaluate(JenkinsRule.java:548)
	at org.junit.internal.runners.statements.FailOnTimeout$CallableStatement.call(FailOnTimeout.java:298)
	at org.junit.internal.runners.statements.FailOnTimeout$CallableStatement.call(FailOnTimeout.java:292)
	at java.util.concurrent.FutureTask.run(FutureTask.java:266)
	at java.lang.Thread.run(Thread.java:745)

testBuildFrench(io.jenkins.plugins.sample.HelloWorldBuilderTest)  Time elapsed: 1.237 s  <<< ERROR!
java.lang.NoSuchMethodError: io.jenkins.plugins.sample.HelloWorldBuilder.<init>(Ljava/lang/String;)V
	at io.jenkins.plugins.sample.HelloWorldBuilderTest.testBuildFrench(HelloWorldBuilderTest.java:55)
	at sun.reflect.NativeMethodAccessorImpl.invoke0(Native Method)
	at sun.reflect.NativeMethodAccessorImpl.invoke(NativeMethodAccessorImpl.java:62)
	at sun.reflect.DelegatingMethodAccessorImpl.invoke(DelegatingMethodAccessorImpl.java:43)
	at java.lang.reflect.Method.invoke(Method.java:497)
	at org.junit.runners.model.FrameworkMethod$1.runReflectiveCall(FrameworkMethod.java:50)
	at org.junit.internal.runners.model.ReflectiveCallable.run(ReflectiveCallable.java:12)
	at org.junit.runners.model.FrameworkMethod.invokeExplosively(FrameworkMethod.java:47)
	at org.junit.internal.runners.statements.InvokeMethod.evaluate(InvokeMethod.java:17)
	at org.jvnet.hudson.test.JenkinsRule$1.evaluate(JenkinsRule.java:548)
	at org.junit.internal.runners.statements.FailOnTimeout$CallableStatement.call(FailOnTimeout.java:298)
	at org.junit.internal.runners.statements.FailOnTimeout$CallableStatement.call(FailOnTimeout.java:292)
	at java.util.concurrent.FutureTask.run(FutureTask.java:266)
	at java.lang.Thread.run(Thread.java:745)

testScriptedPipeline(io.jenkins.plugins.sample.HelloWorldBuilderTest)  Time elapsed: 4.663 s  <<< FAILURE!
java.lang.AssertionError: 
unexpected build status; build log was:
------
Started
[Pipeline] node
Running on master in /var/folders/57/4wzjgqfx2vs3dwmwg_dzf27w0000gn/T/jenkinsTests.tmp/jenkins6187659164831766326test/workspace/test-scripted-pipeline
[Pipeline] {
[Pipeline] step
[Pipeline] }
[Pipeline] // node
[Pipeline] End of Pipeline
java.lang.IllegalArgumentException: Failed to prepare greet step
	at org.jenkinsci.plugins.workflow.cps.DSL.invokeDescribable(DSL.java:355)
	at org.jenkinsci.plugins.workflow.cps.DSL.invokeMethod(DSL.java:153)
	at org.jenkinsci.plugins.workflow.cps.CpsScript.invokeMethod(CpsScript.java:108)
	at sun.reflect.NativeMethodAccessorImpl.invoke0(Native Method)
	at sun.reflect.NativeMethodAccessorImpl.invoke(NativeMethodAccessorImpl.java:62)
	at sun.reflect.DelegatingMethodAccessorImpl.invoke(DelegatingMethodAccessorImpl.java:43)
	at java.lang.reflect.Method.invoke(Method.java:497)
	at org.codehaus.groovy.reflection.CachedMethod.invoke(CachedMethod.java:93)
	at groovy.lang.MetaMethod.doMethodInvoke(MetaMethod.java:325)
	at groovy.lang.MetaClassImpl.invokeMethod(MetaClassImpl.java:1215)
	at groovy.lang.MetaClassImpl.invokeMethod(MetaClassImpl.java:1024)
	at org.codehaus.groovy.runtime.callsite.PogoMetaClassSite.call(PogoMetaClassSite.java:42)
	at org.codehaus.groovy.runtime.callsite.CallSiteArray.defaultCall(CallSiteArray.java:48)
	at org.codehaus.groovy.runtime.callsite.AbstractCallSite.call(AbstractCallSite.java:113)
	at org.kohsuke.groovy.sandbox.impl.Checker$1.call(Checker.java:155)
	at org.kohsuke.groovy.sandbox.GroovyInterceptor.onMethodCall(GroovyInterceptor.java:23)
	at org.jenkinsci.plugins.scriptsecurity.sandbox.groovy.SandboxInterceptor.onMethodCall(SandboxInterceptor.java:123)
	at org.kohsuke.groovy.sandbox.impl.Checker$1.call(Checker.java:153)
	at org.kohsuke.groovy.sandbox.impl.Checker.checkedCall(Checker.java:157)
	at org.kohsuke.groovy.sandbox.impl.Checker.checkedCall(Checker.java:127)
	at com.cloudbees.groovy.cps.sandbox.SandboxInvoker.methodCall(SandboxInvoker.java:17)
	at WorkflowScript.run(WorkflowScript:2)
	at ___cps.transform___(Native Method)
	at com.cloudbees.groovy.cps.impl.ContinuationGroup.methodCall(ContinuationGroup.java:57)
	at com.cloudbees.groovy.cps.impl.FunctionCallBlock$ContinuationImpl.dispatchOrArg(FunctionCallBlock.java:109)
	at com.cloudbees.groovy.cps.impl.FunctionCallBlock$ContinuationImpl.fixArg(FunctionCallBlock.java:82)
	at sun.reflect.NativeMethodAccessorImpl.invoke0(Native Method)
	at sun.reflect.NativeMethodAccessorImpl.invoke(NativeMethodAccessorImpl.java:62)
	at sun.reflect.DelegatingMethodAccessorImpl.invoke(DelegatingMethodAccessorImpl.java:43)
	at java.lang.reflect.Method.invoke(Method.java:497)
	at com.cloudbees.groovy.cps.impl.ContinuationPtr$ContinuationImpl.receive(ContinuationPtr.java:72)
	at com.cloudbees.groovy.cps.impl.ConstantBlock.eval(ConstantBlock.java:21)
	at com.cloudbees.groovy.cps.Next.step(Next.java:83)
	at com.cloudbees.groovy.cps.Continuable$1.call(Continuable.java:173)
	at com.cloudbees.groovy.cps.Continuable$1.call(Continuable.java:162)
	at org.codehaus.groovy.runtime.GroovyCategorySupport$ThreadCategoryInfo.use(GroovyCategorySupport.java:122)
	at org.codehaus.groovy.runtime.GroovyCategorySupport.use(GroovyCategorySupport.java:261)
	at com.cloudbees.groovy.cps.Continuable.run0(Continuable.java:162)
	at org.jenkinsci.plugins.workflow.cps.SandboxContinuable.access$001(SandboxContinuable.java:19)
	at org.jenkinsci.plugins.workflow.cps.SandboxContinuable$1.call(SandboxContinuable.java:35)
	at org.jenkinsci.plugins.workflow.cps.SandboxContinuable$1.call(SandboxContinuable.java:32)
	at org.jenkinsci.plugins.scriptsecurity.sandbox.groovy.GroovySandbox.runInSandbox(GroovySandbox.java:108)
	at org.jenkinsci.plugins.workflow.cps.SandboxContinuable.run0(SandboxContinuable.java:32)
	at org.jenkinsci.plugins.workflow.cps.CpsThread.runNextChunk(CpsThread.java:174)
	at org.jenkinsci.plugins.workflow.cps.CpsThreadGroup.run(CpsThreadGroup.java:330)
	at org.jenkinsci.plugins.workflow.cps.CpsThreadGroup.access$100(CpsThreadGroup.java:82)
	at org.jenkinsci.plugins.workflow.cps.CpsThreadGroup$2.call(CpsThreadGroup.java:242)
	at org.jenkinsci.plugins.workflow.cps.CpsThreadGroup$2.call(CpsThreadGroup.java:230)
	at org.jenkinsci.plugins.workflow.cps.CpsVmExecutorService$2.call(CpsVmExecutorService.java:64)
	at java.util.concurrent.FutureTask.run(FutureTask.java:266)
	at hudson.remoting.SingleLaneExecutorService$1.run(SingleLaneExecutorService.java:112)
	at jenkins.util.ContextResettingExecutorService$1.run(ContextResettingExecutorService.java:28)
	at java.util.concurrent.Executors$RunnableAdapter.call(Executors.java:511)
	at java.util.concurrent.FutureTask.run(FutureTask.java:266)
	at java.util.concurrent.ThreadPoolExecutor.runWorker(ThreadPoolExecutor.java:1142)
	at java.util.concurrent.ThreadPoolExecutor$Worker.run(ThreadPoolExecutor.java:617)
	at java.lang.Thread.run(Thread.java:745)
Caused by: java.lang.IllegalArgumentException: Could not instantiate {delegate=@greet(<anonymous>=Bobby)} for CoreStep(delegate: SimpleBuildStep{ArtifactArchiver(artifacts: String, allowEmptyArchive?: boolean, caseSensitive?: boolean, defaultExcludes?: boolean, excludes?: String, fingerprint?: boolean, onlyIfSuccessful?: boolean) | Fingerprinter(targets: String) | HelloWorldBuilder(name: String, cloudformationtemplate: String, stackname: String, keyname: String, keyvaluepairs: String, useFrench?: boolean) | JUnitResultArchiver(testResults: String, healthScaleFactor?: double, keepLongStdio?: boolean, testDataPublishers?: java.lang.UnsupportedOperationException: do not know how to categorize attributes of type ? extends hudson.tasks.junit.TestDataPublisher[]) | Mailer(recipients: String, notifyEveryUnstableBuild: boolean, sendToIndividuals: boolean)}): java.lang.IllegalArgumentException: Arguments to class io.jenkins.plugins.sample.HelloWorldBuilder have to be explicitly named
	at org.jenkinsci.plugins.structs.describable.DescribableModel.instantiate(DescribableModel.java:264)
	at org.jenkinsci.plugins.workflow.steps.StepDescriptor.newInstance(StepDescriptor.java:201)
	at org.jenkinsci.plugins.workflow.cps.DSL.invokeStep(DSL.java:205)
	at org.jenkinsci.plugins.workflow.cps.DSL.invokeDescribable(DSL.java:353)
	at org.jenkinsci.plugins.workflow.cps.DSL.invokeMethod(DSL.java:153)
	at org.jenkinsci.plugins.workflow.cps.CpsScript.invokeMethod(CpsScript.java:108)
	at sun.reflect.NativeMethodAccessorImpl.invoke0(Native Method)
	at sun.reflect.NativeMethodAccessorImpl.invoke(NativeMethodAccessorImpl.java:62)
	at sun.reflect.DelegatingMethodAccessorImpl.invoke(DelegatingMethodAccessorImpl.java:43)
	at java.lang.reflect.Method.invoke(Method.java:497)
	at org.codehaus.groovy.reflection.CachedMethod.invoke(CachedMethod.java:93)
	at groovy.lang.MetaMethod.doMethodInvoke(MetaMethod.java:325)
	at groovy.lang.MetaClassImpl.invokeMethod(MetaClassImpl.java:1215)
	at groovy.lang.MetaClassImpl.invokeMethod(MetaClassImpl.java:1024)
	at org.codehaus.groovy.runtime.callsite.PogoMetaClassSite.call(PogoMetaClassSite.java:42)
	at org.codehaus.groovy.runtime.callsite.CallSiteArray.defaultCall(CallSiteArray.java:48)
	at org.codehaus.groovy.runtime.callsite.AbstractCallSite.call(AbstractCallSite.java:113)
	at org.kohsuke.groovy.sandbox.impl.Checker$1.call(Checker.java:155)
	at org.kohsuke.groovy.sandbox.GroovyInterceptor.onMethodCall(GroovyInterceptor.java:23)
	at org.jenkinsci.plugins.scriptsecurity.sandbox.groovy.SandboxInterceptor.onMethodCall(SandboxInterceptor.java:123)
	at org.kohsuke.groovy.sandbox.impl.Checker$1.call(Checker.java:153)
	at org.kohsuke.groovy.sandbox.impl.Checker.checkedCall(Checker.java:157)
	at org.kohsuke.groovy.sandbox.impl.Checker.checkedCall(Checker.java:127)
	at com.cloudbees.groovy.cps.sandbox.SandboxInvoker.methodCall(SandboxInvoker.java:17)
	... 34 more
Caused by: java.lang.IllegalArgumentException: Arguments to class io.jenkins.plugins.sample.HelloWorldBuilder have to be explicitly named
	at org.jenkinsci.plugins.structs.describable.DescribableModel.instantiate(DescribableModel.java:254)
	at org.jenkinsci.plugins.structs.describable.UninstantiatedDescribable.instantiate(UninstantiatedDescribable.java:175)
	at org.jenkinsci.plugins.structs.describable.DescribableModel.coerce(DescribableModel.java:372)
	at org.jenkinsci.plugins.structs.describable.DescribableModel.buildArguments(DescribableModel.java:318)
	at org.jenkinsci.plugins.structs.describable.DescribableModel.instantiate(DescribableModel.java:259)
	... 57 more
Finished: FAILURE

------

Expected: is <SUCCESS>
     but: was <FAILURE>
	at org.hamcrest.MatcherAssert.assertThat(MatcherAssert.java:20)
	at org.junit.Assert.assertThat(Assert.java:956)
	at org.jvnet.hudson.test.JenkinsRule.assertBuildStatus(JenkinsRule.java:1188)
	at org.jvnet.hudson.test.JenkinsRule.assertBuildStatus(JenkinsRule.java:1194)
	at org.jvnet.hudson.test.JenkinsRule.assertBuildStatusSuccess(JenkinsRule.java:1223)
	at io.jenkins.plugins.sample.HelloWorldBuilderTest.testScriptedPipeline(HelloWorldBuilderTest.java:73)
	at sun.reflect.NativeMethodAccessorImpl.invoke0(Native Method)
	at sun.reflect.NativeMethodAccessorImpl.invoke(NativeMethodAccessorImpl.java:62)
	at sun.reflect.DelegatingMethodAccessorImpl.invoke(DelegatingMethodAccessorImpl.java:43)
	at java.lang.reflect.Method.invoke(Method.java:497)
	at org.junit.runners.model.FrameworkMethod$1.runReflectiveCall(FrameworkMethod.java:50)
	at org.junit.internal.runners.model.ReflectiveCallable.run(ReflectiveCallable.java:12)
	at org.junit.runners.model.FrameworkMethod.invokeExplosively(FrameworkMethod.java:47)
	at org.junit.internal.runners.statements.InvokeMethod.evaluate(InvokeMethod.java:17)
	at org.jvnet.hudson.test.JenkinsRule$1.evaluate(JenkinsRule.java:548)
	at org.junit.internal.runners.statements.FailOnTimeout$CallableStatement.call(FailOnTimeout.java:298)
	at org.junit.internal.runners.statements.FailOnTimeout$CallableStatement.call(FailOnTimeout.java:292)
	at java.util.concurrent.FutureTask.run(FutureTask.java:266)
	at java.lang.Thread.run(Thread.java:745)

testBuildFrench(io.jenkins.plugins.sample.HelloWorldBuilderTest)  Time elapsed: 0.764 s  <<< ERROR!
java.lang.NoSuchMethodError: io.jenkins.plugins.sample.HelloWorldBuilder.<init>(Ljava/lang/String;)V
	at io.jenkins.plugins.sample.HelloWorldBuilderTest.testBuildFrench(HelloWorldBuilderTest.java:55)
	at sun.reflect.NativeMethodAccessorImpl.invoke0(Native Method)
	at sun.reflect.NativeMethodAccessorImpl.invoke(NativeMethodAccessorImpl.java:62)
	at sun.reflect.DelegatingMethodAccessorImpl.invoke(DelegatingMethodAccessorImpl.java:43)
	at java.lang.reflect.Method.invoke(Method.java:497)
	at org.junit.runners.model.FrameworkMethod$1.runReflectiveCall(FrameworkMethod.java:50)
	at org.junit.internal.runners.model.ReflectiveCallable.run(ReflectiveCallable.java:12)
	at org.junit.runners.model.FrameworkMethod.invokeExplosively(FrameworkMethod.java:47)
	at org.junit.internal.runners.statements.InvokeMethod.evaluate(InvokeMethod.java:17)
	at org.jvnet.hudson.test.JenkinsRule$1.evaluate(JenkinsRule.java:548)
	at org.junit.internal.runners.statements.FailOnTimeout$CallableStatement.call(FailOnTimeout.java:298)
	at org.junit.internal.runners.statements.FailOnTimeout$CallableStatement.call(FailOnTimeout.java:292)
	at java.util.concurrent.FutureTask.run(FutureTask.java:266)
	at java.lang.Thread.run(Thread.java:745)

testConfigRoundtrip(io.jenkins.plugins.sample.HelloWorldBuilderTest)  Time elapsed: 0.796 s  <<< ERROR!
java.lang.NoSuchMethodError: io.jenkins.plugins.sample.HelloWorldBuilder.<init>(Ljava/lang/String;)V
	at io.jenkins.plugins.sample.HelloWorldBuilderTest.testConfigRoundtrip(HelloWorldBuilderTest.java:23)
	at sun.reflect.NativeMethodAccessorImpl.invoke0(Native Method)
	at sun.reflect.NativeMethodAccessorImpl.invoke(NativeMethodAccessorImpl.java:62)
	at sun.reflect.DelegatingMethodAccessorImpl.invoke(DelegatingMethodAccessorImpl.java:43)
	at java.lang.reflect.Method.invoke(Method.java:497)
	at org.junit.runners.model.FrameworkMethod$1.runReflectiveCall(FrameworkMethod.java:50)
	at org.junit.internal.runners.model.ReflectiveCallable.run(ReflectiveCallable.java:12)
	at org.junit.runners.model.FrameworkMethod.invokeExplosively(FrameworkMethod.java:47)
	at org.junit.internal.runners.statements.InvokeMethod.evaluate(InvokeMethod.java:17)
	at org.jvnet.hudson.test.JenkinsRule$1.evaluate(JenkinsRule.java:548)
	at org.junit.internal.runners.statements.FailOnTimeout$CallableStatement.call(FailOnTimeout.java:298)
	at org.junit.internal.runners.statements.FailOnTimeout$CallableStatement.call(FailOnTimeout.java:292)
	at java.util.concurrent.FutureTask.run(FutureTask.java:266)
	at java.lang.Thread.run(Thread.java:745)

testBuild(io.jenkins.plugins.sample.HelloWorldBuilderTest)  Time elapsed: 0.903 s  <<< ERROR!
java.lang.NoSuchMethodError: io.jenkins.plugins.sample.HelloWorldBuilder.<init>(Ljava/lang/String;)V
	at io.jenkins.plugins.sample.HelloWorldBuilderTest.testBuild(HelloWorldBuilderTest.java:44)
	at sun.reflect.NativeMethodAccessorImpl.invoke0(Native Method)
	at sun.reflect.NativeMethodAccessorImpl.invoke(NativeMethodAccessorImpl.java:62)
	at sun.reflect.DelegatingMethodAccessorImpl.invoke(DelegatingMethodAccessorImpl.java:43)
	at java.lang.reflect.Method.invoke(Method.java:497)
	at org.junit.runners.model.FrameworkMethod$1.runReflectiveCall(FrameworkMethod.java:50)
	at org.junit.internal.runners.model.ReflectiveCallable.run(ReflectiveCallable.java:12)
	at org.junit.runners.model.FrameworkMethod.invokeExplosively(FrameworkMethod.java:47)
	at org.junit.internal.runners.statements.InvokeMethod.evaluate(InvokeMethod.java:17)
	at org.jvnet.hudson.test.JenkinsRule$1.evaluate(JenkinsRule.java:548)
	at org.junit.internal.runners.statements.FailOnTimeout$CallableStatement.call(FailOnTimeout.java:298)
	at org.junit.internal.runners.statements.FailOnTimeout$CallableStatement.call(FailOnTimeout.java:292)
	at java.util.concurrent.FutureTask.run(FutureTask.java:266)
	at java.lang.Thread.run(Thread.java:745)

testConfigRoundtripFrench(io.jenkins.plugins.sample.HelloWorldBuilderTest)  Time elapsed: 1.732 s  <<< ERROR!
java.lang.NoSuchMethodError: io.jenkins.plugins.sample.HelloWorldBuilder.<init>(Ljava/lang/String;)V
	at io.jenkins.plugins.sample.HelloWorldBuilderTest.testConfigRoundtripFrench(HelloWorldBuilderTest.java:31)
	at sun.reflect.NativeMethodAccessorImpl.invoke0(Native Method)
	at sun.reflect.NativeMethodAccessorImpl.invoke(NativeMethodAccessorImpl.java:62)
	at sun.reflect.DelegatingMethodAccessorImpl.invoke(DelegatingMethodAccessorImpl.java:43)
	at java.lang.reflect.Method.invoke(Method.java:497)
	at org.junit.runners.model.FrameworkMethod$1.runReflectiveCall(FrameworkMethod.java:50)
	at org.junit.internal.runners.model.ReflectiveCallable.run(ReflectiveCallable.java:12)
	at org.junit.runners.model.FrameworkMethod.invokeExplosively(FrameworkMethod.java:47)
	at org.junit.internal.runners.statements.InvokeMethod.evaluate(InvokeMethod.java:17)
	at org.jvnet.hudson.test.JenkinsRule$1.evaluate(JenkinsRule.java:548)
	at org.junit.internal.runners.statements.FailOnTimeout$CallableStatement.call(FailOnTimeout.java:298)
	at org.junit.internal.runners.statements.FailOnTimeout$CallableStatement.call(FailOnTimeout.java:292)
	at java.util.concurrent.FutureTask.run(FutureTask.java:266)
	at java.lang.Thread.run(Thread.java:745)

testScriptedPipeline(io.jenkins.plugins.sample.HelloWorldBuilderTest)  Time elapsed: 3.518 s  <<< FAILURE!
java.lang.AssertionError: 
unexpected build status; build log was:
------
Started
[Pipeline] node
Running on master in /var/folders/57/4wzjgqfx2vs3dwmwg_dzf27w0000gn/T/jenkinsTests.tmp/jenkins2922508572262428418test/workspace/test-scripted-pipeline
[Pipeline] {
[Pipeline] step
[Pipeline] }
[Pipeline] // node
[Pipeline] End of Pipeline
java.lang.IllegalArgumentException: Failed to prepare greet step
	at org.jenkinsci.plugins.workflow.cps.DSL.invokeDescribable(DSL.java:355)
	at org.jenkinsci.plugins.workflow.cps.DSL.invokeMethod(DSL.java:153)
	at org.jenkinsci.plugins.workflow.cps.CpsScript.invokeMethod(CpsScript.java:108)
	at sun.reflect.NativeMethodAccessorImpl.invoke0(Native Method)
	at sun.reflect.NativeMethodAccessorImpl.invoke(NativeMethodAccessorImpl.java:62)
	at sun.reflect.DelegatingMethodAccessorImpl.invoke(DelegatingMethodAccessorImpl.java:43)
	at java.lang.reflect.Method.invoke(Method.java:497)
	at org.codehaus.groovy.reflection.CachedMethod.invoke(CachedMethod.java:93)
	at groovy.lang.MetaMethod.doMethodInvoke(MetaMethod.java:325)
	at groovy.lang.MetaClassImpl.invokeMethod(MetaClassImpl.java:1215)
	at groovy.lang.MetaClassImpl.invokeMethod(MetaClassImpl.java:1024)
	at org.codehaus.groovy.runtime.callsite.PogoMetaClassSite.call(PogoMetaClassSite.java:42)
	at org.codehaus.groovy.runtime.callsite.CallSiteArray.defaultCall(CallSiteArray.java:48)
	at org.codehaus.groovy.runtime.callsite.AbstractCallSite.call(AbstractCallSite.java:113)
	at org.kohsuke.groovy.sandbox.impl.Checker$1.call(Checker.java:155)
	at org.kohsuke.groovy.sandbox.GroovyInterceptor.onMethodCall(GroovyInterceptor.java:23)
	at org.jenkinsci.plugins.scriptsecurity.sandbox.groovy.SandboxInterceptor.onMethodCall(SandboxInterceptor.java:123)
	at org.kohsuke.groovy.sandbox.impl.Checker$1.call(Checker.java:153)
	at org.kohsuke.groovy.sandbox.impl.Checker.checkedCall(Checker.java:157)
	at org.kohsuke.groovy.sandbox.impl.Checker.checkedCall(Checker.java:127)
	at com.cloudbees.groovy.cps.sandbox.SandboxInvoker.methodCall(SandboxInvoker.java:17)
	at WorkflowScript.run(WorkflowScript:2)
	at ___cps.transform___(Native Method)
	at com.cloudbees.groovy.cps.impl.ContinuationGroup.methodCall(ContinuationGroup.java:57)
	at com.cloudbees.groovy.cps.impl.FunctionCallBlock$ContinuationImpl.dispatchOrArg(FunctionCallBlock.java:109)
	at com.cloudbees.groovy.cps.impl.FunctionCallBlock$ContinuationImpl.fixArg(FunctionCallBlock.java:82)
	at sun.reflect.NativeMethodAccessorImpl.invoke0(Native Method)
	at sun.reflect.NativeMethodAccessorImpl.invoke(NativeMethodAccessorImpl.java:62)
	at sun.reflect.DelegatingMethodAccessorImpl.invoke(DelegatingMethodAccessorImpl.java:43)
	at java.lang.reflect.Method.invoke(Method.java:497)
	at com.cloudbees.groovy.cps.impl.ContinuationPtr$ContinuationImpl.receive(ContinuationPtr.java:72)
	at com.cloudbees.groovy.cps.impl.ConstantBlock.eval(ConstantBlock.java:21)
	at com.cloudbees.groovy.cps.Next.step(Next.java:83)
	at com.cloudbees.groovy.cps.Continuable$1.call(Continuable.java:173)
	at com.cloudbees.groovy.cps.Continuable$1.call(Continuable.java:162)
	at org.codehaus.groovy.runtime.GroovyCategorySupport$ThreadCategoryInfo.use(GroovyCategorySupport.java:122)
	at org.codehaus.groovy.runtime.GroovyCategorySupport.use(GroovyCategorySupport.java:261)
	at com.cloudbees.groovy.cps.Continuable.run0(Continuable.java:162)
	at org.jenkinsci.plugins.workflow.cps.SandboxContinuable.access$001(SandboxContinuable.java:19)
	at org.jenkinsci.plugins.workflow.cps.SandboxContinuable$1.call(SandboxContinuable.java:35)
	at org.jenkinsci.plugins.workflow.cps.SandboxContinuable$1.call(SandboxContinuable.java:32)
	at org.jenkinsci.plugins.scriptsecurity.sandbox.groovy.GroovySandbox.runInSandbox(GroovySandbox.java:108)
	at org.jenkinsci.plugins.workflow.cps.SandboxContinuable.run0(SandboxContinuable.java:32)
	at org.jenkinsci.plugins.workflow.cps.CpsThread.runNextChunk(CpsThread.java:174)
	at org.jenkinsci.plugins.workflow.cps.CpsThreadGroup.run(CpsThreadGroup.java:330)
	at org.jenkinsci.plugins.workflow.cps.CpsThreadGroup.access$100(CpsThreadGroup.java:82)
	at org.jenkinsci.plugins.workflow.cps.CpsThreadGroup$2.call(CpsThreadGroup.java:242)
	at org.jenkinsci.plugins.workflow.cps.CpsThreadGroup$2.call(CpsThreadGroup.java:230)
	at org.jenkinsci.plugins.workflow.cps.CpsVmExecutorService$2.call(CpsVmExecutorService.java:64)
	at java.util.concurrent.FutureTask.run(FutureTask.java:266)
	at hudson.remoting.SingleLaneExecutorService$1.run(SingleLaneExecutorService.java:112)
	at jenkins.util.ContextResettingExecutorService$1.run(ContextResettingExecutorService.java:28)
	at java.util.concurrent.Executors$RunnableAdapter.call(Executors.java:511)
	at java.util.concurrent.FutureTask.run(FutureTask.java:266)
	at java.util.concurrent.ThreadPoolExecutor.runWorker(ThreadPoolExecutor.java:1142)
	at java.util.concurrent.ThreadPoolExecutor$Worker.run(ThreadPoolExecutor.java:617)
	at java.lang.Thread.run(Thread.java:745)
Caused by: java.lang.IllegalArgumentException: Could not instantiate {delegate=@greet(<anonymous>=Bobby)} for CoreStep(delegate: SimpleBuildStep{ArtifactArchiver(artifacts: String, allowEmptyArchive?: boolean, caseSensitive?: boolean, defaultExcludes?: boolean, excludes?: String, fingerprint?: boolean, onlyIfSuccessful?: boolean) | Fingerprinter(targets: String) | HelloWorldBuilder(name: String, cloudformationtemplate: String, stackname: String, keyname: String, keyvaluepairs: String, useFrench?: boolean) | JUnitResultArchiver(testResults: String, healthScaleFactor?: double, keepLongStdio?: boolean, testDataPublishers?: java.lang.UnsupportedOperationException: do not know how to categorize attributes of type ? extends hudson.tasks.junit.TestDataPublisher[]) | Mailer(recipients: String, notifyEveryUnstableBuild: boolean, sendToIndividuals: boolean)}): java.lang.IllegalArgumentException: Arguments to class io.jenkins.plugins.sample.HelloWorldBuilder have to be explicitly named
	at org.jenkinsci.plugins.structs.describable.DescribableModel.instantiate(DescribableModel.java:264)
	at org.jenkinsci.plugins.workflow.steps.StepDescriptor.newInstance(StepDescriptor.java:201)
	at org.jenkinsci.plugins.workflow.cps.DSL.invokeStep(DSL.java:205)
	at org.jenkinsci.plugins.workflow.cps.DSL.invokeDescribable(DSL.java:353)
	at org.jenkinsci.plugins.workflow.cps.DSL.invokeMethod(DSL.java:153)
	at org.jenkinsci.plugins.workflow.cps.CpsScript.invokeMethod(CpsScript.java:108)
	at sun.reflect.NativeMethodAccessorImpl.invoke0(Native Method)
	at sun.reflect.NativeMethodAccessorImpl.invoke(NativeMethodAccessorImpl.java:62)
	at sun.reflect.DelegatingMethodAccessorImpl.invoke(DelegatingMethodAccessorImpl.java:43)
	at java.lang.reflect.Method.invoke(Method.java:497)
	at org.codehaus.groovy.reflection.CachedMethod.invoke(CachedMethod.java:93)
	at groovy.lang.MetaMethod.doMethodInvoke(MetaMethod.java:325)
	at groovy.lang.MetaClassImpl.invokeMethod(MetaClassImpl.java:1215)
	at groovy.lang.MetaClassImpl.invokeMethod(MetaClassImpl.java:1024)
	at org.codehaus.groovy.runtime.callsite.PogoMetaClassSite.call(PogoMetaClassSite.java:42)
	at org.codehaus.groovy.runtime.callsite.CallSiteArray.defaultCall(CallSiteArray.java:48)
	at org.codehaus.groovy.runtime.callsite.AbstractCallSite.call(AbstractCallSite.java:113)
	at org.kohsuke.groovy.sandbox.impl.Checker$1.call(Checker.java:155)
	at org.kohsuke.groovy.sandbox.GroovyInterceptor.onMethodCall(GroovyInterceptor.java:23)
	at org.jenkinsci.plugins.scriptsecurity.sandbox.groovy.SandboxInterceptor.onMethodCall(SandboxInterceptor.java:123)
	at org.kohsuke.groovy.sandbox.impl.Checker$1.call(Checker.java:153)
	at org.kohsuke.groovy.sandbox.impl.Checker.checkedCall(Checker.java:157)
	at org.kohsuke.groovy.sandbox.impl.Checker.checkedCall(Checker.java:127)
	at com.cloudbees.groovy.cps.sandbox.SandboxInvoker.methodCall(SandboxInvoker.java:17)
	... 34 more
Caused by: java.lang.IllegalArgumentException: Arguments to class io.jenkins.plugins.sample.HelloWorldBuilder have to be explicitly named
	at org.jenkinsci.plugins.structs.describable.DescribableModel.instantiate(DescribableModel.java:254)
	at org.jenkinsci.plugins.structs.describable.UninstantiatedDescribable.instantiate(UninstantiatedDescribable.java:175)
	at org.jenkinsci.plugins.structs.describable.DescribableModel.coerce(DescribableModel.java:372)
	at org.jenkinsci.plugins.structs.describable.DescribableModel.buildArguments(DescribableModel.java:318)
	at org.jenkinsci.plugins.structs.describable.DescribableModel.instantiate(DescribableModel.java:259)
	... 57 more
Finished: FAILURE

------

Expected: is <SUCCESS>
     but: was <FAILURE>
	at org.hamcrest.MatcherAssert.assertThat(MatcherAssert.java:20)
	at org.junit.Assert.assertThat(Assert.java:956)
	at org.jvnet.hudson.test.JenkinsRule.assertBuildStatus(JenkinsRule.java:1188)
	at org.jvnet.hudson.test.JenkinsRule.assertBuildStatus(JenkinsRule.java:1194)
	at org.jvnet.hudson.test.JenkinsRule.assertBuildStatusSuccess(JenkinsRule.java:1223)
	at io.jenkins.plugins.sample.HelloWorldBuilderTest.testScriptedPipeline(HelloWorldBuilderTest.java:73)
	at sun.reflect.NativeMethodAccessorImpl.invoke0(Native Method)
	at sun.reflect.NativeMethodAccessorImpl.invoke(NativeMethodAccessorImpl.java:62)
	at sun.reflect.DelegatingMethodAccessorImpl.invoke(DelegatingMethodAccessorImpl.java:43)
	at java.lang.reflect.Method.invoke(Method.java:497)
	at org.junit.runners.model.FrameworkMethod$1.runReflectiveCall(FrameworkMethod.java:50)
	at org.junit.internal.runners.model.ReflectiveCallable.run(ReflectiveCallable.java:12)
	at org.junit.runners.model.FrameworkMethod.invokeExplosively(FrameworkMethod.java:47)
	at org.junit.internal.runners.statements.InvokeMethod.evaluate(InvokeMethod.java:17)
	at org.jvnet.hudson.test.JenkinsRule$1.evaluate(JenkinsRule.java:548)
	at org.junit.internal.runners.statements.FailOnTimeout$CallableStatement.call(FailOnTimeout.java:298)
	at org.junit.internal.runners.statements.FailOnTimeout$CallableStatement.call(FailOnTimeout.java:292)
	at java.util.concurrent.FutureTask.run(FutureTask.java:266)
	at java.lang.Thread.run(Thread.java:745)

testBuild(io.jenkins.plugins.sample.HelloWorldBuilderTest)  Time elapsed: 0.971 s  <<< ERROR!
java.lang.NoSuchMethodError: io.jenkins.plugins.sample.HelloWorldBuilder.<init>(Ljava/lang/String;)V
	at io.jenkins.plugins.sample.HelloWorldBuilderTest.testBuild(HelloWorldBuilderTest.java:44)
	at sun.reflect.NativeMethodAccessorImpl.invoke0(Native Method)
	at sun.reflect.NativeMethodAccessorImpl.invoke(NativeMethodAccessorImpl.java:62)
	at sun.reflect.DelegatingMethodAccessorImpl.invoke(DelegatingMethodAccessorImpl.java:43)
	at java.lang.reflect.Method.invoke(Method.java:497)
	at org.junit.runners.model.FrameworkMethod$1.runReflectiveCall(FrameworkMethod.java:50)
	at org.junit.internal.runners.model.ReflectiveCallable.run(ReflectiveCallable.java:12)
	at org.junit.runners.model.FrameworkMethod.invokeExplosively(FrameworkMethod.java:47)
	at org.junit.internal.runners.statements.InvokeMethod.evaluate(InvokeMethod.java:17)
	at org.jvnet.hudson.test.JenkinsRule$1.evaluate(JenkinsRule.java:548)
	at org.junit.internal.runners.statements.FailOnTimeout$CallableStatement.call(FailOnTimeout.java:298)
	at org.junit.internal.runners.statements.FailOnTimeout$CallableStatement.call(FailOnTimeout.java:292)
	at java.util.concurrent.FutureTask.run(FutureTask.java:266)
	at java.lang.Thread.run(Thread.java:745)

testScriptedPipeline(io.jenkins.plugins.sample.HelloWorldBuilderTest)  Time elapsed: 2.916 s  <<< FAILURE!
java.lang.AssertionError: 
unexpected build status; build log was:
------
Started
[Pipeline] node
Running on master in /var/folders/57/4wzjgqfx2vs3dwmwg_dzf27w0000gn/T/jenkinsTests.tmp/jenkins2655637715043309247test/workspace/test-scripted-pipeline
[Pipeline] {
[Pipeline] step
[Pipeline] }
[Pipeline] // node
[Pipeline] End of Pipeline
java.lang.IllegalArgumentException: Failed to prepare greet step
	at org.jenkinsci.plugins.workflow.cps.DSL.invokeDescribable(DSL.java:355)
	at org.jenkinsci.plugins.workflow.cps.DSL.invokeMethod(DSL.java:153)
	at org.jenkinsci.plugins.workflow.cps.CpsScript.invokeMethod(CpsScript.java:108)
	at sun.reflect.NativeMethodAccessorImpl.invoke0(Native Method)
	at sun.reflect.NativeMethodAccessorImpl.invoke(NativeMethodAccessorImpl.java:62)
	at sun.reflect.DelegatingMethodAccessorImpl.invoke(DelegatingMethodAccessorImpl.java:43)
	at java.lang.reflect.Method.invoke(Method.java:497)
	at org.codehaus.groovy.reflection.CachedMethod.invoke(CachedMethod.java:93)
	at groovy.lang.MetaMethod.doMethodInvoke(MetaMethod.java:325)
	at groovy.lang.MetaClassImpl.invokeMethod(MetaClassImpl.java:1215)
	at groovy.lang.MetaClassImpl.invokeMethod(MetaClassImpl.java:1024)
	at org.codehaus.groovy.runtime.callsite.PogoMetaClassSite.call(PogoMetaClassSite.java:42)
	at org.codehaus.groovy.runtime.callsite.CallSiteArray.defaultCall(CallSiteArray.java:48)
	at org.codehaus.groovy.runtime.callsite.AbstractCallSite.call(AbstractCallSite.java:113)
	at org.kohsuke.groovy.sandbox.impl.Checker$1.call(Checker.java:155)
	at org.kohsuke.groovy.sandbox.GroovyInterceptor.onMethodCall(GroovyInterceptor.java:23)
	at org.jenkinsci.plugins.scriptsecurity.sandbox.groovy.SandboxInterceptor.onMethodCall(SandboxInterceptor.java:123)
	at org.kohsuke.groovy.sandbox.impl.Checker$1.call(Checker.java:153)
	at org.kohsuke.groovy.sandbox.impl.Checker.checkedCall(Checker.java:157)
	at org.kohsuke.groovy.sandbox.impl.Checker.checkedCall(Checker.java:127)
	at com.cloudbees.groovy.cps.sandbox.SandboxInvoker.methodCall(SandboxInvoker.java:17)
	at WorkflowScript.run(WorkflowScript:2)
	at ___cps.transform___(Native Method)
	at com.cloudbees.groovy.cps.impl.ContinuationGroup.methodCall(ContinuationGroup.java:57)
	at com.cloudbees.groovy.cps.impl.FunctionCallBlock$ContinuationImpl.dispatchOrArg(FunctionCallBlock.java:109)
	at com.cloudbees.groovy.cps.impl.FunctionCallBlock$ContinuationImpl.fixArg(FunctionCallBlock.java:82)
	at sun.reflect.NativeMethodAccessorImpl.invoke0(Native Method)
	at sun.reflect.NativeMethodAccessorImpl.invoke(NativeMethodAccessorImpl.java:62)
	at sun.reflect.DelegatingMethodAccessorImpl.invoke(DelegatingMethodAccessorImpl.java:43)
	at java.lang.reflect.Method.invoke(Method.java:497)
	at com.cloudbees.groovy.cps.impl.ContinuationPtr$ContinuationImpl.receive(ContinuationPtr.java:72)
	at com.cloudbees.groovy.cps.impl.ConstantBlock.eval(ConstantBlock.java:21)
	at com.cloudbees.groovy.cps.Next.step(Next.java:83)
	at com.cloudbees.groovy.cps.Continuable$1.call(Continuable.java:173)
	at com.cloudbees.groovy.cps.Continuable$1.call(Continuable.java:162)
	at org.codehaus.groovy.runtime.GroovyCategorySupport$ThreadCategoryInfo.use(GroovyCategorySupport.java:122)
	at org.codehaus.groovy.runtime.GroovyCategorySupport.use(GroovyCategorySupport.java:261)
	at com.cloudbees.groovy.cps.Continuable.run0(Continuable.java:162)
	at org.jenkinsci.plugins.workflow.cps.SandboxContinuable.access$001(SandboxContinuable.java:19)
	at org.jenkinsci.plugins.workflow.cps.SandboxContinuable$1.call(SandboxContinuable.java:35)
	at org.jenkinsci.plugins.workflow.cps.SandboxContinuable$1.call(SandboxContinuable.java:32)
	at org.jenkinsci.plugins.scriptsecurity.sandbox.groovy.GroovySandbox.runInSandbox(GroovySandbox.java:108)
	at org.jenkinsci.plugins.workflow.cps.SandboxContinuable.run0(SandboxContinuable.java:32)
	at org.jenkinsci.plugins.workflow.cps.CpsThread.runNextChunk(CpsThread.java:174)
	at org.jenkinsci.plugins.workflow.cps.CpsThreadGroup.run(CpsThreadGroup.java:330)
	at org.jenkinsci.plugins.workflow.cps.CpsThreadGroup.access$100(CpsThreadGroup.java:82)
	at org.jenkinsci.plugins.workflow.cps.CpsThreadGroup$2.call(CpsThreadGroup.java:242)
	at org.jenkinsci.plugins.workflow.cps.CpsThreadGroup$2.call(CpsThreadGroup.java:230)
	at org.jenkinsci.plugins.workflow.cps.CpsVmExecutorService$2.call(CpsVmExecutorService.java:64)
	at java.util.concurrent.FutureTask.run(FutureTask.java:266)
	at hudson.remoting.SingleLaneExecutorService$1.run(SingleLaneExecutorService.java:112)
	at jenkins.util.ContextResettingExecutorService$1.run(ContextResettingExecutorService.java:28)
	at java.util.concurrent.Executors$RunnableAdapter.call(Executors.java:511)
	at java.util.concurrent.FutureTask.run(FutureTask.java:266)
	at java.util.concurrent.ThreadPoolExecutor.runWorker(ThreadPoolExecutor.java:1142)
	at java.util.concurrent.ThreadPoolExecutor$Worker.run(ThreadPoolExecutor.java:617)
	at java.lang.Thread.run(Thread.java:745)
Caused by: java.lang.IllegalArgumentException: Could not instantiate {delegate=@greet(<anonymous>=Bobby)} for CoreStep(delegate: SimpleBuildStep{ArtifactArchiver(artifacts: String, allowEmptyArchive?: boolean, caseSensitive?: boolean, defaultExcludes?: boolean, excludes?: String, fingerprint?: boolean, onlyIfSuccessful?: boolean) | Fingerprinter(targets: String) | HelloWorldBuilder(name: String, cloudformationtemplate: String, stackname: String, keyname: String, keyvaluepairs: String, useFrench?: boolean) | JUnitResultArchiver(testResults: String, healthScaleFactor?: double, keepLongStdio?: boolean, testDataPublishers?: java.lang.UnsupportedOperationException: do not know how to categorize attributes of type ? extends hudson.tasks.junit.TestDataPublisher[]) | Mailer(recipients: String, notifyEveryUnstableBuild: boolean, sendToIndividuals: boolean)}): java.lang.IllegalArgumentException: Arguments to class io.jenkins.plugins.sample.HelloWorldBuilder have to be explicitly named
	at org.jenkinsci.plugins.structs.describable.DescribableModel.instantiate(DescribableModel.java:264)
	at org.jenkinsci.plugins.workflow.steps.StepDescriptor.newInstance(StepDescriptor.java:201)
	at org.jenkinsci.plugins.workflow.cps.DSL.invokeStep(DSL.java:205)
	at org.jenkinsci.plugins.workflow.cps.DSL.invokeDescribable(DSL.java:353)
	at org.jenkinsci.plugins.workflow.cps.DSL.invokeMethod(DSL.java:153)
	at org.jenkinsci.plugins.workflow.cps.CpsScript.invokeMethod(CpsScript.java:108)
	at sun.reflect.NativeMethodAccessorImpl.invoke0(Native Method)
	at sun.reflect.NativeMethodAccessorImpl.invoke(NativeMethodAccessorImpl.java:62)
	at sun.reflect.DelegatingMethodAccessorImpl.invoke(DelegatingMethodAccessorImpl.java:43)
	at java.lang.reflect.Method.invoke(Method.java:497)
	at org.codehaus.groovy.reflection.CachedMethod.invoke(CachedMethod.java:93)
	at groovy.lang.MetaMethod.doMethodInvoke(MetaMethod.java:325)
	at groovy.lang.MetaClassImpl.invokeMethod(MetaClassImpl.java:1215)
	at groovy.lang.MetaClassImpl.invokeMethod(MetaClassImpl.java:1024)
	at org.codehaus.groovy.runtime.callsite.PogoMetaClassSite.call(PogoMetaClassSite.java:42)
	at org.codehaus.groovy.runtime.callsite.CallSiteArray.defaultCall(CallSiteArray.java:48)
	at org.codehaus.groovy.runtime.callsite.AbstractCallSite.call(AbstractCallSite.java:113)
	at org.kohsuke.groovy.sandbox.impl.Checker$1.call(Checker.java:155)
	at org.kohsuke.groovy.sandbox.GroovyInterceptor.onMethodCall(GroovyInterceptor.java:23)
	at org.jenkinsci.plugins.scriptsecurity.sandbox.groovy.SandboxInterceptor.onMethodCall(SandboxInterceptor.java:123)
	at org.kohsuke.groovy.sandbox.impl.Checker$1.call(Checker.java:153)
	at org.kohsuke.groovy.sandbox.impl.Checker.checkedCall(Checker.java:157)
	at org.kohsuke.groovy.sandbox.impl.Checker.checkedCall(Checker.java:127)
	at com.cloudbees.groovy.cps.sandbox.SandboxInvoker.methodCall(SandboxInvoker.java:17)
	... 34 more
Caused by: java.lang.IllegalArgumentException: Arguments to class io.jenkins.plugins.sample.HelloWorldBuilder have to be explicitly named
	at org.jenkinsci.plugins.structs.describable.DescribableModel.instantiate(DescribableModel.java:254)
	at org.jenkinsci.plugins.structs.describable.UninstantiatedDescribable.instantiate(UninstantiatedDescribable.java:175)
	at org.jenkinsci.plugins.structs.describable.DescribableModel.coerce(DescribableModel.java:372)
	at org.jenkinsci.plugins.structs.describable.DescribableModel.buildArguments(DescribableModel.java:318)
	at org.jenkinsci.plugins.structs.describable.DescribableModel.instantiate(DescribableModel.java:259)
	... 57 more
Finished: FAILURE

------

Expected: is <SUCCESS>
     but: was <FAILURE>
	at org.hamcrest.MatcherAssert.assertThat(MatcherAssert.java:20)
	at org.junit.Assert.assertThat(Assert.java:956)
	at org.jvnet.hudson.test.JenkinsRule.assertBuildStatus(JenkinsRule.java:1188)
	at org.jvnet.hudson.test.JenkinsRule.assertBuildStatus(JenkinsRule.java:1194)
	at org.jvnet.hudson.test.JenkinsRule.assertBuildStatusSuccess(JenkinsRule.java:1223)
	at io.jenkins.plugins.sample.HelloWorldBuilderTest.testScriptedPipeline(HelloWorldBuilderTest.java:73)
	at sun.reflect.NativeMethodAccessorImpl.invoke0(Native Method)
	at sun.reflect.NativeMethodAccessorImpl.invoke(NativeMethodAccessorImpl.java:62)
	at sun.reflect.DelegatingMethodAccessorImpl.invoke(DelegatingMethodAccessorImpl.java:43)
	at java.lang.reflect.Method.invoke(Method.java:497)
	at org.junit.runners.model.FrameworkMethod$1.runReflectiveCall(FrameworkMethod.java:50)
	at org.junit.internal.runners.model.ReflectiveCallable.run(ReflectiveCallable.java:12)
	at org.junit.runners.model.FrameworkMethod.invokeExplosively(FrameworkMethod.java:47)
	at org.junit.internal.runners.statements.InvokeMethod.evaluate(InvokeMethod.java:17)
	at org.jvnet.hudson.test.JenkinsRule$1.evaluate(JenkinsRule.java:548)
	at org.junit.internal.runners.statements.FailOnTimeout$CallableStatement.call(FailOnTimeout.java:298)
	at org.junit.internal.runners.statements.FailOnTimeout$CallableStatement.call(FailOnTimeout.java:292)
	at java.util.concurrent.FutureTask.run(FutureTask.java:266)
	at java.lang.Thread.run(Thread.java:745)

testConfigRoundtripFrench(io.jenkins.plugins.sample.HelloWorldBuilderTest)  Time elapsed: 1.116 s  <<< ERROR!
java.lang.NoSuchMethodError: io.jenkins.plugins.sample.HelloWorldBuilder.<init>(Ljava/lang/String;)V
	at io.jenkins.plugins.sample.HelloWorldBuilderTest.testConfigRoundtripFrench(HelloWorldBuilderTest.java:31)
	at sun.reflect.NativeMethodAccessorImpl.invoke0(Native Method)
	at sun.reflect.NativeMethodAccessorImpl.invoke(NativeMethodAccessorImpl.java:62)
	at sun.reflect.DelegatingMethodAccessorImpl.invoke(DelegatingMethodAccessorImpl.java:43)
	at java.lang.reflect.Method.invoke(Method.java:497)
	at org.junit.runners.model.FrameworkMethod$1.runReflectiveCall(FrameworkMethod.java:50)
	at org.junit.internal.runners.model.ReflectiveCallable.run(ReflectiveCallable.java:12)
	at org.junit.runners.model.FrameworkMethod.invokeExplosively(FrameworkMethod.java:47)
	at org.junit.internal.runners.statements.InvokeMethod.evaluate(InvokeMethod.java:17)
	at org.jvnet.hudson.test.JenkinsRule$1.evaluate(JenkinsRule.java:548)
	at org.junit.internal.runners.statements.FailOnTimeout$CallableStatement.call(FailOnTimeout.java:298)
	at org.junit.internal.runners.statements.FailOnTimeout$CallableStatement.call(FailOnTimeout.java:292)
	at java.util.concurrent.FutureTask.run(FutureTask.java:266)
	at java.lang.Thread.run(Thread.java:745)

testBuildFrench(io.jenkins.plugins.sample.HelloWorldBuilderTest)  Time elapsed: 0.511 s  <<< ERROR!
java.lang.NoSuchMethodError: io.jenkins.plugins.sample.HelloWorldBuilder.<init>(Ljava/lang/String;)V
	at io.jenkins.plugins.sample.HelloWorldBuilderTest.testBuildFrench(HelloWorldBuilderTest.java:55)
	at sun.reflect.NativeMethodAccessorImpl.invoke0(Native Method)
	at sun.reflect.NativeMethodAccessorImpl.invoke(NativeMethodAccessorImpl.java:62)
	at sun.reflect.DelegatingMethodAccessorImpl.invoke(DelegatingMethodAccessorImpl.java:43)
	at java.lang.reflect.Method.invoke(Method.java:497)
	at org.junit.runners.model.FrameworkMethod$1.runReflectiveCall(FrameworkMethod.java:50)
	at org.junit.internal.runners.model.ReflectiveCallable.run(ReflectiveCallable.java:12)
	at org.junit.runners.model.FrameworkMethod.invokeExplosively(FrameworkMethod.java:47)
	at org.junit.internal.runners.statements.InvokeMethod.evaluate(InvokeMethod.java:17)
	at org.jvnet.hudson.test.JenkinsRule$1.evaluate(JenkinsRule.java:548)
	at org.junit.internal.runners.statements.FailOnTimeout$CallableStatement.call(FailOnTimeout.java:298)
	at org.junit.internal.runners.statements.FailOnTimeout$CallableStatement.call(FailOnTimeout.java:292)
	at java.util.concurrent.FutureTask.run(FutureTask.java:266)
	at java.lang.Thread.run(Thread.java:745)

testConfigRoundtrip(io.jenkins.plugins.sample.HelloWorldBuilderTest)  Time elapsed: 0.823 s  <<< ERROR!
java.lang.NoSuchMethodError: io.jenkins.plugins.sample.HelloWorldBuilder.<init>(Ljava/lang/String;)V
	at io.jenkins.plugins.sample.HelloWorldBuilderTest.testConfigRoundtrip(HelloWorldBuilderTest.java:23)
	at sun.reflect.NativeMethodAccessorImpl.invoke0(Native Method)
	at sun.reflect.NativeMethodAccessorImpl.invoke(NativeMethodAccessorImpl.java:62)
	at sun.reflect.DelegatingMethodAccessorImpl.invoke(DelegatingMethodAccessorImpl.java:43)
	at java.lang.reflect.Method.invoke(Method.java:497)
	at org.junit.runners.model.FrameworkMethod$1.runReflectiveCall(FrameworkMethod.java:50)
	at org.junit.internal.runners.model.ReflectiveCallable.run(ReflectiveCallable.java:12)
	at org.junit.runners.model.FrameworkMethod.invokeExplosively(FrameworkMethod.java:47)
	at org.junit.internal.runners.statements.InvokeMethod.evaluate(InvokeMethod.java:17)
	at org.jvnet.hudson.test.JenkinsRule$1.evaluate(JenkinsRule.java:548)
	at org.junit.internal.runners.statements.FailOnTimeout$CallableStatement.call(FailOnTimeout.java:298)
	at org.junit.internal.runners.statements.FailOnTimeout$CallableStatement.call(FailOnTimeout.java:292)
	at java.util.concurrent.FutureTask.run(FutureTask.java:266)
	at java.lang.Thread.run(Thread.java:745)

testBuildFrench(io.jenkins.plugins.sample.HelloWorldBuilderTest)  Time elapsed: 0.472 s  <<< ERROR!
java.lang.NoSuchMethodError: io.jenkins.plugins.sample.HelloWorldBuilder.<init>(Ljava/lang/String;)V
	at io.jenkins.plugins.sample.HelloWorldBuilderTest.testBuildFrench(HelloWorldBuilderTest.java:55)
	at sun.reflect.NativeMethodAccessorImpl.invoke0(Native Method)
	at sun.reflect.NativeMethodAccessorImpl.invoke(NativeMethodAccessorImpl.java:62)
	at sun.reflect.DelegatingMethodAccessorImpl.invoke(DelegatingMethodAccessorImpl.java:43)
	at java.lang.reflect.Method.invoke(Method.java:497)
	at org.junit.runners.model.FrameworkMethod$1.runReflectiveCall(FrameworkMethod.java:50)
	at org.junit.internal.runners.model.ReflectiveCallable.run(ReflectiveCallable.java:12)
	at org.junit.runners.model.FrameworkMethod.invokeExplosively(FrameworkMethod.java:47)
	at org.junit.internal.runners.statements.InvokeMethod.evaluate(InvokeMethod.java:17)
	at org.jvnet.hudson.test.JenkinsRule$1.evaluate(JenkinsRule.java:548)
	at org.junit.internal.runners.statements.FailOnTimeout$CallableStatement.call(FailOnTimeout.java:298)
	at org.junit.internal.runners.statements.FailOnTimeout$CallableStatement.call(FailOnTimeout.java:292)
	at java.util.concurrent.FutureTask.run(FutureTask.java:266)
	at java.lang.Thread.run(Thread.java:745)

testBuild(io.jenkins.plugins.sample.HelloWorldBuilderTest)  Time elapsed: 0.558 s  <<< ERROR!
java.lang.NoSuchMethodError: io.jenkins.plugins.sample.HelloWorldBuilder.<init>(Ljava/lang/String;)V
	at io.jenkins.plugins.sample.HelloWorldBuilderTest.testBuild(HelloWorldBuilderTest.java:44)
	at sun.reflect.NativeMethodAccessorImpl.invoke0(Native Method)
	at sun.reflect.NativeMethodAccessorImpl.invoke(NativeMethodAccessorImpl.java:62)
	at sun.reflect.DelegatingMethodAccessorImpl.invoke(DelegatingMethodAccessorImpl.java:43)
	at java.lang.reflect.Method.invoke(Method.java:497)
	at org.junit.runners.model.FrameworkMethod$1.runReflectiveCall(FrameworkMethod.java:50)
	at org.junit.internal.runners.model.ReflectiveCallable.run(ReflectiveCallable.java:12)
	at org.junit.runners.model.FrameworkMethod.invokeExplosively(FrameworkMethod.java:47)
	at org.junit.internal.runners.statements.InvokeMethod.evaluate(InvokeMethod.java:17)
	at org.jvnet.hudson.test.JenkinsRule$1.evaluate(JenkinsRule.java:548)
	at org.junit.internal.runners.statements.FailOnTimeout$CallableStatement.call(FailOnTimeout.java:298)
	at org.junit.internal.runners.statements.FailOnTimeout$CallableStatement.call(FailOnTimeout.java:292)
	at java.util.concurrent.FutureTask.run(FutureTask.java:266)
	at java.lang.Thread.run(Thread.java:745)

testScriptedPipeline(io.jenkins.plugins.sample.HelloWorldBuilderTest)  Time elapsed: 2.814 s  <<< FAILURE!
java.lang.AssertionError: 
unexpected build status; build log was:
------
Started
[Pipeline] node
Running on master in /var/folders/57/4wzjgqfx2vs3dwmwg_dzf27w0000gn/T/jenkinsTests.tmp/jenkins7570267202514112047test/workspace/test-scripted-pipeline
[Pipeline] {
[Pipeline] step
[Pipeline] }
[Pipeline] // node
[Pipeline] End of Pipeline
java.lang.IllegalArgumentException: Failed to prepare greet step
	at org.jenkinsci.plugins.workflow.cps.DSL.invokeDescribable(DSL.java:355)
	at org.jenkinsci.plugins.workflow.cps.DSL.invokeMethod(DSL.java:153)
	at org.jenkinsci.plugins.workflow.cps.CpsScript.invokeMethod(CpsScript.java:108)
	at sun.reflect.NativeMethodAccessorImpl.invoke0(Native Method)
	at sun.reflect.NativeMethodAccessorImpl.invoke(NativeMethodAccessorImpl.java:62)
	at sun.reflect.DelegatingMethodAccessorImpl.invoke(DelegatingMethodAccessorImpl.java:43)
	at java.lang.reflect.Method.invoke(Method.java:497)
	at org.codehaus.groovy.reflection.CachedMethod.invoke(CachedMethod.java:93)
	at groovy.lang.MetaMethod.doMethodInvoke(MetaMethod.java:325)
	at groovy.lang.MetaClassImpl.invokeMethod(MetaClassImpl.java:1215)
	at groovy.lang.MetaClassImpl.invokeMethod(MetaClassImpl.java:1024)
	at org.codehaus.groovy.runtime.callsite.PogoMetaClassSite.call(PogoMetaClassSite.java:42)
	at org.codehaus.groovy.runtime.callsite.CallSiteArray.defaultCall(CallSiteArray.java:48)
	at org.codehaus.groovy.runtime.callsite.AbstractCallSite.call(AbstractCallSite.java:113)
	at org.kohsuke.groovy.sandbox.impl.Checker$1.call(Checker.java:155)
	at org.kohsuke.groovy.sandbox.GroovyInterceptor.onMethodCall(GroovyInterceptor.java:23)
	at org.jenkinsci.plugins.scriptsecurity.sandbox.groovy.SandboxInterceptor.onMethodCall(SandboxInterceptor.java:123)
	at org.kohsuke.groovy.sandbox.impl.Checker$1.call(Checker.java:153)
	at org.kohsuke.groovy.sandbox.impl.Checker.checkedCall(Checker.java:157)
	at org.kohsuke.groovy.sandbox.impl.Checker.checkedCall(Checker.java:127)
	at com.cloudbees.groovy.cps.sandbox.SandboxInvoker.methodCall(SandboxInvoker.java:17)
	at WorkflowScript.run(WorkflowScript:2)
	at ___cps.transform___(Native Method)
	at com.cloudbees.groovy.cps.impl.ContinuationGroup.methodCall(ContinuationGroup.java:57)
	at com.cloudbees.groovy.cps.impl.FunctionCallBlock$ContinuationImpl.dispatchOrArg(FunctionCallBlock.java:109)
	at com.cloudbees.groovy.cps.impl.FunctionCallBlock$ContinuationImpl.fixArg(FunctionCallBlock.java:82)
	at sun.reflect.NativeMethodAccessorImpl.invoke0(Native Method)
	at sun.reflect.NativeMethodAccessorImpl.invoke(NativeMethodAccessorImpl.java:62)
	at sun.reflect.DelegatingMethodAccessorImpl.invoke(DelegatingMethodAccessorImpl.java:43)
	at java.lang.reflect.Method.invoke(Method.java:497)
	at com.cloudbees.groovy.cps.impl.ContinuationPtr$ContinuationImpl.receive(ContinuationPtr.java:72)
	at com.cloudbees.groovy.cps.impl.ConstantBlock.eval(ConstantBlock.java:21)
	at com.cloudbees.groovy.cps.Next.step(Next.java:83)
	at com.cloudbees.groovy.cps.Continuable$1.call(Continuable.java:173)
	at com.cloudbees.groovy.cps.Continuable$1.call(Continuable.java:162)
	at org.codehaus.groovy.runtime.GroovyCategorySupport$ThreadCategoryInfo.use(GroovyCategorySupport.java:122)
	at org.codehaus.groovy.runtime.GroovyCategorySupport.use(GroovyCategorySupport.java:261)
	at com.cloudbees.groovy.cps.Continuable.run0(Continuable.java:162)
	at org.jenkinsci.plugins.workflow.cps.SandboxContinuable.access$001(SandboxContinuable.java:19)
	at org.jenkinsci.plugins.workflow.cps.SandboxContinuable$1.call(SandboxContinuable.java:35)
	at org.jenkinsci.plugins.workflow.cps.SandboxContinuable$1.call(SandboxContinuable.java:32)
	at org.jenkinsci.plugins.scriptsecurity.sandbox.groovy.GroovySandbox.runInSandbox(GroovySandbox.java:108)
	at org.jenkinsci.plugins.workflow.cps.SandboxContinuable.run0(SandboxContinuable.java:32)
	at org.jenkinsci.plugins.workflow.cps.CpsThread.runNextChunk(CpsThread.java:174)
	at org.jenkinsci.plugins.workflow.cps.CpsThreadGroup.run(CpsThreadGroup.java:330)
	at org.jenkinsci.plugins.workflow.cps.CpsThreadGroup.access$100(CpsThreadGroup.java:82)
	at org.jenkinsci.plugins.workflow.cps.CpsThreadGroup$2.call(CpsThreadGroup.java:242)
	at org.jenkinsci.plugins.workflow.cps.CpsThreadGroup$2.call(CpsThreadGroup.java:230)
	at org.jenkinsci.plugins.workflow.cps.CpsVmExecutorService$2.call(CpsVmExecutorService.java:64)
	at java.util.concurrent.FutureTask.run(FutureTask.java:266)
	at hudson.remoting.SingleLaneExecutorService$1.run(SingleLaneExecutorService.java:112)
	at jenkins.util.ContextResettingExecutorService$1.run(ContextResettingExecutorService.java:28)
	at java.util.concurrent.Executors$RunnableAdapter.call(Executors.java:511)
	at java.util.concurrent.FutureTask.run(FutureTask.java:266)
	at java.util.concurrent.ThreadPoolExecutor.runWorker(ThreadPoolExecutor.java:1142)
	at java.util.concurrent.ThreadPoolExecutor$Worker.run(ThreadPoolExecutor.java:617)
	at java.lang.Thread.run(Thread.java:745)
Caused by: java.lang.IllegalArgumentException: Could not instantiate {delegate=@greet(<anonymous>=Bobby)} for CoreStep(delegate: SimpleBuildStep{ArtifactArchiver(artifacts: String, allowEmptyArchive?: boolean, caseSensitive?: boolean, defaultExcludes?: boolean, excludes?: String, fingerprint?: boolean, onlyIfSuccessful?: boolean) | Fingerprinter(targets: String) | HelloWorldBuilder(name: String, cloudformationtemplate: String, stackname: String, keyname: String, keyvaluepairs: String, useFrench?: boolean) | JUnitResultArchiver(testResults: String, healthScaleFactor?: double, keepLongStdio?: boolean, testDataPublishers?: java.lang.UnsupportedOperationException: do not know how to categorize attributes of type ? extends hudson.tasks.junit.TestDataPublisher[]) | Mailer(recipients: String, notifyEveryUnstableBuild: boolean, sendToIndividuals: boolean)}): java.lang.IllegalArgumentException: Arguments to class io.jenkins.plugins.sample.HelloWorldBuilder have to be explicitly named
	at org.jenkinsci.plugins.structs.describable.DescribableModel.instantiate(DescribableModel.java:264)
	at org.jenkinsci.plugins.workflow.steps.StepDescriptor.newInstance(StepDescriptor.java:201)
	at org.jenkinsci.plugins.workflow.cps.DSL.invokeStep(DSL.java:205)
	at org.jenkinsci.plugins.workflow.cps.DSL.invokeDescribable(DSL.java:353)
	at org.jenkinsci.plugins.workflow.cps.DSL.invokeMethod(DSL.java:153)
	at org.jenkinsci.plugins.workflow.cps.CpsScript.invokeMethod(CpsScript.java:108)
	at sun.reflect.NativeMethodAccessorImpl.invoke0(Native Method)
	at sun.reflect.NativeMethodAccessorImpl.invoke(NativeMethodAccessorImpl.java:62)
	at sun.reflect.DelegatingMethodAccessorImpl.invoke(DelegatingMethodAccessorImpl.java:43)
	at java.lang.reflect.Method.invoke(Method.java:497)
	at org.codehaus.groovy.reflection.CachedMethod.invoke(CachedMethod.java:93)
	at groovy.lang.MetaMethod.doMethodInvoke(MetaMethod.java:325)
	at groovy.lang.MetaClassImpl.invokeMethod(MetaClassImpl.java:1215)
	at groovy.lang.MetaClassImpl.invokeMethod(MetaClassImpl.java:1024)
	at org.codehaus.groovy.runtime.callsite.PogoMetaClassSite.call(PogoMetaClassSite.java:42)
	at org.codehaus.groovy.runtime.callsite.CallSiteArray.defaultCall(CallSiteArray.java:48)
	at org.codehaus.groovy.runtime.callsite.AbstractCallSite.call(AbstractCallSite.java:113)
	at org.kohsuke.groovy.sandbox.impl.Checker$1.call(Checker.java:155)
	at org.kohsuke.groovy.sandbox.GroovyInterceptor.onMethodCall(GroovyInterceptor.java:23)
	at org.jenkinsci.plugins.scriptsecurity.sandbox.groovy.SandboxInterceptor.onMethodCall(SandboxInterceptor.java:123)
	at org.kohsuke.groovy.sandbox.impl.Checker$1.call(Checker.java:153)
	at org.kohsuke.groovy.sandbox.impl.Checker.checkedCall(Checker.java:157)
	at org.kohsuke.groovy.sandbox.impl.Checker.checkedCall(Checker.java:127)
	at com.cloudbees.groovy.cps.sandbox.SandboxInvoker.methodCall(SandboxInvoker.java:17)
	... 34 more
Caused by: java.lang.IllegalArgumentException: Arguments to class io.jenkins.plugins.sample.HelloWorldBuilder have to be explicitly named
	at org.jenkinsci.plugins.structs.describable.DescribableModel.instantiate(DescribableModel.java:254)
	at org.jenkinsci.plugins.structs.describable.UninstantiatedDescribable.instantiate(UninstantiatedDescribable.java:175)
	at org.jenkinsci.plugins.structs.describable.DescribableModel.coerce(DescribableModel.java:372)
	at org.jenkinsci.plugins.structs.describable.DescribableModel.buildArguments(DescribableModel.java:318)
	at org.jenkinsci.plugins.structs.describable.DescribableModel.instantiate(DescribableModel.java:259)
	... 57 more
Finished: FAILURE

------

Expected: is <SUCCESS>
     but: was <FAILURE>
	at org.hamcrest.MatcherAssert.assertThat(MatcherAssert.java:20)
	at org.junit.Assert.assertThat(Assert.java:956)
	at org.jvnet.hudson.test.JenkinsRule.assertBuildStatus(JenkinsRule.java:1188)
	at org.jvnet.hudson.test.JenkinsRule.assertBuildStatus(JenkinsRule.java:1194)
	at org.jvnet.hudson.test.JenkinsRule.assertBuildStatusSuccess(JenkinsRule.java:1223)
	at io.jenkins.plugins.sample.HelloWorldBuilderTest.testScriptedPipeline(HelloWorldBuilderTest.java:73)
	at sun.reflect.NativeMethodAccessorImpl.invoke0(Native Method)
	at sun.reflect.NativeMethodAccessorImpl.invoke(NativeMethodAccessorImpl.java:62)
	at sun.reflect.DelegatingMethodAccessorImpl.invoke(DelegatingMethodAccessorImpl.java:43)
	at java.lang.reflect.Method.invoke(Method.java:497)
	at org.junit.runners.model.FrameworkMethod$1.runReflectiveCall(FrameworkMethod.java:50)
	at org.junit.internal.runners.model.ReflectiveCallable.run(ReflectiveCallable.java:12)
	at org.junit.runners.model.FrameworkMethod.invokeExplosively(FrameworkMethod.java:47)
	at org.junit.internal.runners.statements.InvokeMethod.evaluate(InvokeMethod.java:17)
	at org.jvnet.hudson.test.JenkinsRule$1.evaluate(JenkinsRule.java:548)
	at org.junit.internal.runners.statements.FailOnTimeout$CallableStatement.call(FailOnTimeout.java:298)
	at org.junit.internal.runners.statements.FailOnTimeout$CallableStatement.call(FailOnTimeout.java:292)
	at java.util.concurrent.FutureTask.run(FutureTask.java:266)
	at java.lang.Thread.run(Thread.java:745)

testConfigRoundtripFrench(io.jenkins.plugins.sample.HelloWorldBuilderTest)  Time elapsed: 0.387 s  <<< ERROR!
java.lang.NoSuchMethodError: io.jenkins.plugins.sample.HelloWorldBuilder.<init>(Ljava/lang/String;)V
	at io.jenkins.plugins.sample.HelloWorldBuilderTest.testConfigRoundtripFrench(HelloWorldBuilderTest.java:31)
	at sun.reflect.NativeMethodAccessorImpl.invoke0(Native Method)
	at sun.reflect.NativeMethodAccessorImpl.invoke(NativeMethodAccessorImpl.java:62)
	at sun.reflect.DelegatingMethodAccessorImpl.invoke(DelegatingMethodAccessorImpl.java:43)
	at java.lang.reflect.Method.invoke(Method.java:497)
	at org.junit.runners.model.FrameworkMethod$1.runReflectiveCall(FrameworkMethod.java:50)
	at org.junit.internal.runners.model.ReflectiveCallable.run(ReflectiveCallable.java:12)
	at org.junit.runners.model.FrameworkMethod.invokeExplosively(FrameworkMethod.java:47)
	at org.junit.internal.runners.statements.InvokeMethod.evaluate(InvokeMethod.java:17)
	at org.jvnet.hudson.test.JenkinsRule$1.evaluate(JenkinsRule.java:548)
	at org.junit.internal.runners.statements.FailOnTimeout$CallableStatement.call(FailOnTimeout.java:298)
	at org.junit.internal.runners.statements.FailOnTimeout$CallableStatement.call(FailOnTimeout.java:292)
	at java.util.concurrent.FutureTask.run(FutureTask.java:266)
	at java.lang.Thread.run(Thread.java:745)

testConfigRoundtrip(io.jenkins.plugins.sample.HelloWorldBuilderTest)  Time elapsed: 0.873 s  <<< ERROR!
java.lang.NoSuchMethodError: io.jenkins.plugins.sample.HelloWorldBuilder.<init>(Ljava/lang/String;)V
	at io.jenkins.plugins.sample.HelloWorldBuilderTest.testConfigRoundtrip(HelloWorldBuilderTest.java:23)
	at sun.reflect.NativeMethodAccessorImpl.invoke0(Native Method)
	at sun.reflect.NativeMethodAccessorImpl.invoke(NativeMethodAccessorImpl.java:62)
	at sun.reflect.DelegatingMethodAccessorImpl.invoke(DelegatingMethodAccessorImpl.java:43)
	at java.lang.reflect.Method.invoke(Method.java:497)
	at org.junit.runners.model.FrameworkMethod$1.runReflectiveCall(FrameworkMethod.java:50)
	at org.junit.internal.runners.model.ReflectiveCallable.run(ReflectiveCallable.java:12)
	at org.junit.runners.model.FrameworkMethod.invokeExplosively(FrameworkMethod.java:47)
	at org.junit.internal.runners.statements.InvokeMethod.evaluate(InvokeMethod.java:17)
	at org.jvnet.hudson.test.JenkinsRule$1.evaluate(JenkinsRule.java:548)
	at org.junit.internal.runners.statements.FailOnTimeout$CallableStatement.call(FailOnTimeout.java:298)
	at org.junit.internal.runners.statements.FailOnTimeout$CallableStatement.call(FailOnTimeout.java:292)
	at java.util.concurrent.FutureTask.run(FutureTask.java:266)
	at java.lang.Thread.run(Thread.java:745)

testBuild(io.jenkins.plugins.sample.HelloWorldBuilderTest)  Time elapsed: 0.57 s  <<< ERROR!
java.lang.NoSuchMethodError: io.jenkins.plugins.sample.HelloWorldBuilder.<init>(Ljava/lang/String;)V
	at io.jenkins.plugins.sample.HelloWorldBuilderTest.testBuild(HelloWorldBuilderTest.java:44)
	at sun.reflect.NativeMethodAccessorImpl.invoke0(Native Method)
	at sun.reflect.NativeMethodAccessorImpl.invoke(NativeMethodAccessorImpl.java:62)
	at sun.reflect.DelegatingMethodAccessorImpl.invoke(DelegatingMethodAccessorImpl.java:43)
	at java.lang.reflect.Method.invoke(Method.java:497)
	at org.junit.runners.model.FrameworkMethod$1.runReflectiveCall(FrameworkMethod.java:50)
	at org.junit.internal.runners.model.ReflectiveCallable.run(ReflectiveCallable.java:12)
	at org.junit.runners.model.FrameworkMethod.invokeExplosively(FrameworkMethod.java:47)
	at org.junit.internal.runners.statements.InvokeMethod.evaluate(InvokeMethod.java:17)
	at org.jvnet.hudson.test.JenkinsRule$1.evaluate(JenkinsRule.java:548)
	at org.junit.internal.runners.statements.FailOnTimeout$CallableStatement.call(FailOnTimeout.java:298)
	at org.junit.internal.runners.statements.FailOnTimeout$CallableStatement.call(FailOnTimeout.java:292)
	at java.util.concurrent.FutureTask.run(FutureTask.java:266)
	at java.lang.Thread.run(Thread.java:745)

testConfigRoundtripFrench(io.jenkins.plugins.sample.HelloWorldBuilderTest)  Time elapsed: 1.445 s  <<< ERROR!
java.lang.NoSuchMethodError: io.jenkins.plugins.sample.HelloWorldBuilder.<init>(Ljava/lang/String;)V
	at io.jenkins.plugins.sample.HelloWorldBuilderTest.testConfigRoundtripFrench(HelloWorldBuilderTest.java:31)
	at sun.reflect.NativeMethodAccessorImpl.invoke0(Native Method)
	at sun.reflect.NativeMethodAccessorImpl.invoke(NativeMethodAccessorImpl.java:62)
	at sun.reflect.DelegatingMethodAccessorImpl.invoke(DelegatingMethodAccessorImpl.java:43)
	at java.lang.reflect.Method.invoke(Method.java:497)
	at org.junit.runners.model.FrameworkMethod$1.runReflectiveCall(FrameworkMethod.java:50)
	at org.junit.internal.runners.model.ReflectiveCallable.run(ReflectiveCallable.java:12)
	at org.junit.runners.model.FrameworkMethod.invokeExplosively(FrameworkMethod.java:47)
	at org.junit.internal.runners.statements.InvokeMethod.evaluate(InvokeMethod.java:17)
	at org.jvnet.hudson.test.JenkinsRule$1.evaluate(JenkinsRule.java:548)
	at org.junit.internal.runners.statements.FailOnTimeout$CallableStatement.call(FailOnTimeout.java:298)
	at org.junit.internal.runners.statements.FailOnTimeout$CallableStatement.call(FailOnTimeout.java:292)
	at java.util.concurrent.FutureTask.run(FutureTask.java:266)
	at java.lang.Thread.run(Thread.java:745)

testBuildFrench(io.jenkins.plugins.sample.HelloWorldBuilderTest)  Time elapsed: 0.595 s  <<< ERROR!
java.lang.NoSuchMethodError: io.jenkins.plugins.sample.HelloWorldBuilder.<init>(Ljava/lang/String;)V
	at io.jenkins.plugins.sample.HelloWorldBuilderTest.testBuildFrench(HelloWorldBuilderTest.java:55)
	at sun.reflect.NativeMethodAccessorImpl.invoke0(Native Method)
	at sun.reflect.NativeMethodAccessorImpl.invoke(NativeMethodAccessorImpl.java:62)
	at sun.reflect.DelegatingMethodAccessorImpl.invoke(DelegatingMethodAccessorImpl.java:43)
	at java.lang.reflect.Method.invoke(Method.java:497)
	at org.junit.runners.model.FrameworkMethod$1.runReflectiveCall(FrameworkMethod.java:50)
	at org.junit.internal.runners.model.ReflectiveCallable.run(ReflectiveCallable.java:12)
	at org.junit.runners.model.FrameworkMethod.invokeExplosively(FrameworkMethod.java:47)
	at org.junit.internal.runners.statements.InvokeMethod.evaluate(InvokeMethod.java:17)
	at org.jvnet.hudson.test.JenkinsRule$1.evaluate(JenkinsRule.java:548)
	at org.junit.internal.runners.statements.FailOnTimeout$CallableStatement.call(FailOnTimeout.java:298)
	at org.junit.internal.runners.statements.FailOnTimeout$CallableStatement.call(FailOnTimeout.java:292)
	at java.util.concurrent.FutureTask.run(FutureTask.java:266)
	at java.lang.Thread.run(Thread.java:745)

testConfigRoundtrip(io.jenkins.plugins.sample.HelloWorldBuilderTest)  Time elapsed: 0.373 s  <<< ERROR!
java.lang.NoSuchMethodError: io.jenkins.plugins.sample.HelloWorldBuilder.<init>(Ljava/lang/String;)V
	at io.jenkins.plugins.sample.HelloWorldBuilderTest.testConfigRoundtrip(HelloWorldBuilderTest.java:23)
	at sun.reflect.NativeMethodAccessorImpl.invoke0(Native Method)
	at sun.reflect.NativeMethodAccessorImpl.invoke(NativeMethodAccessorImpl.java:62)
	at sun.reflect.DelegatingMethodAccessorImpl.invoke(DelegatingMethodAccessorImpl.java:43)
	at java.lang.reflect.Method.invoke(Method.java:497)
	at org.junit.runners.model.FrameworkMethod$1.runReflectiveCall(FrameworkMethod.java:50)
	at org.junit.internal.runners.model.ReflectiveCallable.run(ReflectiveCallable.java:12)
	at org.junit.runners.model.FrameworkMethod.invokeExplosively(FrameworkMethod.java:47)
	at org.junit.internal.runners.statements.InvokeMethod.evaluate(InvokeMethod.java:17)
	at org.jvnet.hudson.test.JenkinsRule$1.evaluate(JenkinsRule.java:548)
	at org.junit.internal.runners.statements.FailOnTimeout$CallableStatement.call(FailOnTimeout.java:298)
	at org.junit.internal.runners.statements.FailOnTimeout$CallableStatement.call(FailOnTimeout.java:292)
	at java.util.concurrent.FutureTask.run(FutureTask.java:266)
	at java.lang.Thread.run(Thread.java:745)

testScriptedPipeline(io.jenkins.plugins.sample.HelloWorldBuilderTest)  Time elapsed: 3.144 s  <<< FAILURE!
java.lang.AssertionError: 
unexpected build status; build log was:
------
Started
[Pipeline] node
Running on master in /var/folders/57/4wzjgqfx2vs3dwmwg_dzf27w0000gn/T/jenkinsTests.tmp/jenkins1095772674192928250test/workspace/test-scripted-pipeline
[Pipeline] {
[Pipeline] step
[Pipeline] }
[Pipeline] // node
[Pipeline] End of Pipeline
java.lang.IllegalArgumentException: Failed to prepare greet step
	at org.jenkinsci.plugins.workflow.cps.DSL.invokeDescribable(DSL.java:355)
	at org.jenkinsci.plugins.workflow.cps.DSL.invokeMethod(DSL.java:153)
	at org.jenkinsci.plugins.workflow.cps.CpsScript.invokeMethod(CpsScript.java:108)
	at sun.reflect.NativeMethodAccessorImpl.invoke0(Native Method)
	at sun.reflect.NativeMethodAccessorImpl.invoke(NativeMethodAccessorImpl.java:62)
	at sun.reflect.DelegatingMethodAccessorImpl.invoke(DelegatingMethodAccessorImpl.java:43)
	at java.lang.reflect.Method.invoke(Method.java:497)
	at org.codehaus.groovy.reflection.CachedMethod.invoke(CachedMethod.java:93)
	at groovy.lang.MetaMethod.doMethodInvoke(MetaMethod.java:325)
	at groovy.lang.MetaClassImpl.invokeMethod(MetaClassImpl.java:1215)
	at groovy.lang.MetaClassImpl.invokeMethod(MetaClassImpl.java:1024)
	at org.codehaus.groovy.runtime.callsite.PogoMetaClassSite.call(PogoMetaClassSite.java:42)
	at org.codehaus.groovy.runtime.callsite.CallSiteArray.defaultCall(CallSiteArray.java:48)
	at org.codehaus.groovy.runtime.callsite.AbstractCallSite.call(AbstractCallSite.java:113)
	at org.kohsuke.groovy.sandbox.impl.Checker$1.call(Checker.java:155)
	at org.kohsuke.groovy.sandbox.GroovyInterceptor.onMethodCall(GroovyInterceptor.java:23)
	at org.jenkinsci.plugins.scriptsecurity.sandbox.groovy.SandboxInterceptor.onMethodCall(SandboxInterceptor.java:123)
	at org.kohsuke.groovy.sandbox.impl.Checker$1.call(Checker.java:153)
	at org.kohsuke.groovy.sandbox.impl.Checker.checkedCall(Checker.java:157)
	at org.kohsuke.groovy.sandbox.impl.Checker.checkedCall(Checker.java:127)
	at com.cloudbees.groovy.cps.sandbox.SandboxInvoker.methodCall(SandboxInvoker.java:17)
	at WorkflowScript.run(WorkflowScript:2)
	at ___cps.transform___(Native Method)
	at com.cloudbees.groovy.cps.impl.ContinuationGroup.methodCall(ContinuationGroup.java:57)
	at com.cloudbees.groovy.cps.impl.FunctionCallBlock$ContinuationImpl.dispatchOrArg(FunctionCallBlock.java:109)
	at com.cloudbees.groovy.cps.impl.FunctionCallBlock$ContinuationImpl.fixArg(FunctionCallBlock.java:82)
	at sun.reflect.NativeMethodAccessorImpl.invoke0(Native Method)
	at sun.reflect.NativeMethodAccessorImpl.invoke(NativeMethodAccessorImpl.java:62)
	at sun.reflect.DelegatingMethodAccessorImpl.invoke(DelegatingMethodAccessorImpl.java:43)
	at java.lang.reflect.Method.invoke(Method.java:497)
	at com.cloudbees.groovy.cps.impl.ContinuationPtr$ContinuationImpl.receive(ContinuationPtr.java:72)
	at com.cloudbees.groovy.cps.impl.ConstantBlock.eval(ConstantBlock.java:21)
	at com.cloudbees.groovy.cps.Next.step(Next.java:83)
	at com.cloudbees.groovy.cps.Continuable$1.call(Continuable.java:173)
	at com.cloudbees.groovy.cps.Continuable$1.call(Continuable.java:162)
	at org.codehaus.groovy.runtime.GroovyCategorySupport$ThreadCategoryInfo.use(GroovyCategorySupport.java:122)
	at org.codehaus.groovy.runtime.GroovyCategorySupport.use(GroovyCategorySupport.java:261)
	at com.cloudbees.groovy.cps.Continuable.run0(Continuable.java:162)
	at org.jenkinsci.plugins.workflow.cps.SandboxContinuable.access$001(SandboxContinuable.java:19)
	at org.jenkinsci.plugins.workflow.cps.SandboxContinuable$1.call(SandboxContinuable.java:35)
	at org.jenkinsci.plugins.workflow.cps.SandboxContinuable$1.call(SandboxContinuable.java:32)
	at org.jenkinsci.plugins.scriptsecurity.sandbox.groovy.GroovySandbox.runInSandbox(GroovySandbox.java:108)
	at org.jenkinsci.plugins.workflow.cps.SandboxContinuable.run0(SandboxContinuable.java:32)
	at org.jenkinsci.plugins.workflow.cps.CpsThread.runNextChunk(CpsThread.java:174)
	at org.jenkinsci.plugins.workflow.cps.CpsThreadGroup.run(CpsThreadGroup.java:330)
	at org.jenkinsci.plugins.workflow.cps.CpsThreadGroup.access$100(CpsThreadGroup.java:82)
	at org.jenkinsci.plugins.workflow.cps.CpsThreadGroup$2.call(CpsThreadGroup.java:242)
	at org.jenkinsci.plugins.workflow.cps.CpsThreadGroup$2.call(CpsThreadGroup.java:230)
	at org.jenkinsci.plugins.workflow.cps.CpsVmExecutorService$2.call(CpsVmExecutorService.java:64)
	at java.util.concurrent.FutureTask.run(FutureTask.java:266)
	at hudson.remoting.SingleLaneExecutorService$1.run(SingleLaneExecutorService.java:112)
	at jenkins.util.ContextResettingExecutorService$1.run(ContextResettingExecutorService.java:28)
	at java.util.concurrent.Executors$RunnableAdapter.call(Executors.java:511)
	at java.util.concurrent.FutureTask.run(FutureTask.java:266)
	at java.util.concurrent.ThreadPoolExecutor.runWorker(ThreadPoolExecutor.java:1142)
	at java.util.concurrent.ThreadPoolExecutor$Worker.run(ThreadPoolExecutor.java:617)
	at java.lang.Thread.run(Thread.java:745)
Caused by: java.lang.IllegalArgumentException: Could not instantiate {delegate=@greet(<anonymous>=Bobby)} for CoreStep(delegate: SimpleBuildStep{ArtifactArchiver(artifacts: String, allowEmptyArchive?: boolean, caseSensitive?: boolean, defaultExcludes?: boolean, excludes?: String, fingerprint?: boolean, onlyIfSuccessful?: boolean) | Fingerprinter(targets: String) | HelloWorldBuilder(name: String, cloudformationtemplate: String, stackname: String, keyname: String, keyvaluepairs: String, useFrench?: boolean) | JUnitResultArchiver(testResults: String, healthScaleFactor?: double, keepLongStdio?: boolean, testDataPublishers?: java.lang.UnsupportedOperationException: do not know how to categorize attributes of type ? extends hudson.tasks.junit.TestDataPublisher[]) | Mailer(recipients: String, notifyEveryUnstableBuild: boolean, sendToIndividuals: boolean)}): java.lang.IllegalArgumentException: Arguments to class io.jenkins.plugins.sample.HelloWorldBuilder have to be explicitly named
	at org.jenkinsci.plugins.structs.describable.DescribableModel.instantiate(DescribableModel.java:264)
	at org.jenkinsci.plugins.workflow.steps.StepDescriptor.newInstance(StepDescriptor.java:201)
	at org.jenkinsci.plugins.workflow.cps.DSL.invokeStep(DSL.java:205)
	at org.jenkinsci.plugins.workflow.cps.DSL.invokeDescribable(DSL.java:353)
	at org.jenkinsci.plugins.workflow.cps.DSL.invokeMethod(DSL.java:153)
	at org.jenkinsci.plugins.workflow.cps.CpsScript.invokeMethod(CpsScript.java:108)
	at sun.reflect.NativeMethodAccessorImpl.invoke0(Native Method)
	at sun.reflect.NativeMethodAccessorImpl.invoke(NativeMethodAccessorImpl.java:62)
	at sun.reflect.DelegatingMethodAccessorImpl.invoke(DelegatingMethodAccessorImpl.java:43)
	at java.lang.reflect.Method.invoke(Method.java:497)
	at org.codehaus.groovy.reflection.CachedMethod.invoke(CachedMethod.java:93)
	at groovy.lang.MetaMethod.doMethodInvoke(MetaMethod.java:325)
	at groovy.lang.MetaClassImpl.invokeMethod(MetaClassImpl.java:1215)
	at groovy.lang.MetaClassImpl.invokeMethod(MetaClassImpl.java:1024)
	at org.codehaus.groovy.runtime.callsite.PogoMetaClassSite.call(PogoMetaClassSite.java:42)
	at org.codehaus.groovy.runtime.callsite.CallSiteArray.defaultCall(CallSiteArray.java:48)
	at org.codehaus.groovy.runtime.callsite.AbstractCallSite.call(AbstractCallSite.java:113)
	at org.kohsuke.groovy.sandbox.impl.Checker$1.call(Checker.java:155)
	at org.kohsuke.groovy.sandbox.GroovyInterceptor.onMethodCall(GroovyInterceptor.java:23)
	at org.jenkinsci.plugins.scriptsecurity.sandbox.groovy.SandboxInterceptor.onMethodCall(SandboxInterceptor.java:123)
	at org.kohsuke.groovy.sandbox.impl.Checker$1.call(Checker.java:153)
	at org.kohsuke.groovy.sandbox.impl.Checker.checkedCall(Checker.java:157)
	at org.kohsuke.groovy.sandbox.impl.Checker.checkedCall(Checker.java:127)
	at com.cloudbees.groovy.cps.sandbox.SandboxInvoker.methodCall(SandboxInvoker.java:17)
	... 34 more
Caused by: java.lang.IllegalArgumentException: Arguments to class io.jenkins.plugins.sample.HelloWorldBuilder have to be explicitly named
	at org.jenkinsci.plugins.structs.describable.DescribableModel.instantiate(DescribableModel.java:254)
	at org.jenkinsci.plugins.structs.describable.UninstantiatedDescribable.instantiate(UninstantiatedDescribable.java:175)
	at org.jenkinsci.plugins.structs.describable.DescribableModel.coerce(DescribableModel.java:372)
	at org.jenkinsci.plugins.structs.describable.DescribableModel.buildArguments(DescribableModel.java:318)
	at org.jenkinsci.plugins.structs.describable.DescribableModel.instantiate(DescribableModel.java:259)
	... 57 more
Finished: FAILURE

------

Expected: is <SUCCESS>
     but: was <FAILURE>
	at org.hamcrest.MatcherAssert.assertThat(MatcherAssert.java:20)
	at org.junit.Assert.assertThat(Assert.java:956)
	at org.jvnet.hudson.test.JenkinsRule.assertBuildStatus(JenkinsRule.java:1188)
	at org.jvnet.hudson.test.JenkinsRule.assertBuildStatus(JenkinsRule.java:1194)
	at org.jvnet.hudson.test.JenkinsRule.assertBuildStatusSuccess(JenkinsRule.java:1223)
	at io.jenkins.plugins.sample.HelloWorldBuilderTest.testScriptedPipeline(HelloWorldBuilderTest.java:73)
	at sun.reflect.NativeMethodAccessorImpl.invoke0(Native Method)
	at sun.reflect.NativeMethodAccessorImpl.invoke(NativeMethodAccessorImpl.java:62)
	at sun.reflect.DelegatingMethodAccessorImpl.invoke(DelegatingMethodAccessorImpl.java:43)
	at java.lang.reflect.Method.invoke(Method.java:497)
	at org.junit.runners.model.FrameworkMethod$1.runReflectiveCall(FrameworkMethod.java:50)
	at org.junit.internal.runners.model.ReflectiveCallable.run(ReflectiveCallable.java:12)
	at org.junit.runners.model.FrameworkMethod.invokeExplosively(FrameworkMethod.java:47)
	at org.junit.internal.runners.statements.InvokeMethod.evaluate(InvokeMethod.java:17)
	at org.jvnet.hudson.test.JenkinsRule$1.evaluate(JenkinsRule.java:548)
	at org.junit.internal.runners.statements.FailOnTimeout$CallableStatement.call(FailOnTimeout.java:298)
	at org.junit.internal.runners.statements.FailOnTimeout$CallableStatement.call(FailOnTimeout.java:292)
	at java.util.concurrent.FutureTask.run(FutureTask.java:266)
	at java.lang.Thread.run(Thread.java:745)

